<?xml version="1.0" encoding="UTF-8"?>
<!-- Generated by org.testng.reporters.JUnitReportReporter -->
<testsuite skipped="0" hostname="qapitol-ThinkPad-L470" name="restAssuredUsingGit.test.Test3PS" tests="4" failures="0" timestamp="01 Aug 2019 09:33:55 GMT" time="1.241" errors="0">
  <testcase name="testCreatingNewEmployee" time="1.143" classname="restAssuredUsingGit.test.Test3PS"/>
  <testcase name="testUpdatingAnEmployee" time="0.030" classname="restAssuredUsingGit.test.Test3PS"/>
  <testcase name="testAllEmployees" time="0.045" classname="restAssuredUsingGit.test.Test3PS"/>
  <testcase name="testSpecificEmployee" time="0.023" classname="restAssuredUsingGit.test.Test3PS"/>
</testsuite> <!-- restAssuredUsingGit.test.Test3PS -->
